{"req":{"url":"/","headers":{"host":"146.148.59.71","connection":"keep-alive","cache-control":"max-age=0","accept":"text/html,application/xhtml+xml,application/xml;q=0.9,image/webp,*/*;q=0.8","user-agent":"Mozilla/5.0 (Macintosh; Intel Mac OS X 10_9_4) AppleWebKit/537.36 (KHTML, like Gecko) Chrome/37.0.2062.120 Safari/537.36","accept-encoding":"gzip,deflate,sdch","accept-language":"en-US,en;q=0.8","if-none-match":"W/\"156-54419987\"","if-modified-since":"Fri, 12 Sep 2014 22:27:26 GMT"},"method":"GET","httpVersion":"1.1","originalUrl":"/","query":{},"body":{}},"res":{"statusCode":200},"responseTime":20,"level":"info","message":"HTTP GET /","timestamp":"2014-09-12T22:28:14.734Z"}
Fri, 12 Sep 2014 22:32:05 GMT express deprecated res.sendfile: Use res.sendFile instead at app/routes.js:5:13
{
  "req": {
    "url": "/",
    "headers": {
      "host": "146.148.59.71",
      "connection": "keep-alive",
      "cache-control": "max-age=0",
      "accept": "text/html,application/xhtml+xml,application/xml;q=0.9,image/webp,*/*;q=0.8",
      "user-agent": "Mozilla/5.0 (Macintosh; Intel Mac OS X 10_9_4) AppleWebKit/537.36 (KHTML, like Gecko) Chrome/37.0.2062.120 Safari/537.36",
      "accept-encoding": "gzip,deflate,sdch",
      "accept-language": "en-US,en;q=0.8",
      "if-none-match": "W/\"156-54419987\"",
      "if-modified-since": "Fri, 12 Sep 2014 22:28:14 GMT"
    },
    "method": "GET",
    "httpVersion": "1.1",
    "originalUrl": "/",
    "query": {},
    "body": {}
  },
  "res": {
    "statusCode": 200
  },
  "responseTime": 12,
  "level": "info",
  "message": "HTTP GET /"
}
{"req":{"url":"/","headers":{"host":"146.148.59.71","connection":"keep-alive","cache-control":"max-age=0","accept":"text/html,application/xhtml+xml,application/xml;q=0.9,image/webp,*/*;q=0.8","user-agent":"Mozilla/5.0 (Macintosh; Intel Mac OS X 10_9_4) AppleWebKit/537.36 (KHTML, like Gecko) Chrome/37.0.2062.120 Safari/537.36","accept-encoding":"gzip,deflate,sdch","accept-language":"en-US,en;q=0.8","if-none-match":"W/\"156-54419987\"","if-modified-since":"Fri, 12 Sep 2014 22:28:14 GMT"},"method":"GET","httpVersion":"1.1","originalUrl":"/","query":{},"body":{}},"res":{"statusCode":200},"responseTime":12,"level":"info","message":"HTTP GET /","timestamp":"2014-09-12T22:32:05.998Z"}
{
  "req": {
    "url": "/libs/angular/angular.min.js",
    "headers": {
      "host": "146.148.59.71",
      "connection": "keep-alive",
      "cache-control": "max-age=0",
      "accept": "*/*",
      "if-none-match": "W/\"1a00a-935576186\"",
      "if-modified-since": "Fri, 12 Sep 2014 22:23:59 GMT",
      "user-agent": "Mozilla/5.0 (Macintosh; Intel Mac OS X 10_9_4) AppleWebKit/537.36 (KHTML, like Gecko) Chrome/37.0.2062.120 Safari/537.36",
      "referer": "http://146.148.59.71/",
      "accept-encoding": "gzip,deflate,sdch",
      "accept-language": "en-US,en;q=0.8"
    },
    "method": "GET",
    "httpVersion": "1.1",
    "originalUrl": "/libs/angular/angular.min.js",
    "query": {},
    "body": {}
  },
  "res": {
    "statusCode": 304
  },
  "responseTime": 1,
  "level": "info",
  "message": "HTTP GET /libs/angular/angular.min.js"
}
{
  "req": {
    "url": "/",
    "headers": {
      "host": "146.148.59.71",
      "connection": "keep-alive",
      "accept": "*/*",
      "user-agent": "Mozilla/5.0 (Macintosh; Intel Mac OS X 10_9_4) AppleWebKit/537.36 (KHTML, like Gecko) Chrome/37.0.2062.120 Safari/537.36",
      "accept-encoding": "gzip,deflate,sdch",
      "accept-language": "en-US,en;q=0.8",
      "if-none-match": "W/\"156-54419987\"",
      "if-modified-since": "Fri, 12 Sep 2014 22:28:16 GMT"
    },
    "method": "GET",
    "httpVersion": "1.1",
    "originalUrl": "/favicon.ico",
    "query": {},
    "body": {}
  },
  "res": {
    "statusCode": 200
  },
  "responseTime": 3,
  "level": "info",
  "message": "HTTP GET /"
}
{
  "req": {
    "url": "/",
    "headers": {
      "host": "146.148.59.71",
      "connection": "keep-alive",
      "accept": "*/*",
      "user-agent": "Mozilla/5.0 (Macintosh; Intel Mac OS X 10_9_4) AppleWebKit/537.36 (KHTML, like Gecko) Chrome/37.0.2062.120 Safari/537.36",
      "accept-encoding": "gzip,deflate,sdch",
      "accept-language": "en-US,en;q=0.8",
      "if-none-match": "W/\"156-54419987\"",
      "if-modified-since": "Fri, 12 Sep 2014 22:32:06 GMT"
    },
    "method": "GET",
    "httpVersion": "1.1",
    "originalUrl": "/favicon.ico",
    "query": {},
    "body": {}
  },
  "res": {
    "statusCode": 200
  },
  "responseTime": 2,
  "level": "info",
  "message": "HTTP GET /"
}
Fri, 12 Sep 2014 22:32:28 GMT express deprecated res.sendfile: Use res.sendFile instead at app/routes.js:5:13
{
  "req": {
    "url": "/",
    "headers": {
      "host": "146.148.59.71",
      "connection": "keep-alive",
      "cache-control": "max-age=0",
      "accept": "text/html,application/xhtml+xml,application/xml;q=0.9,image/webp,*/*;q=0.8",
      "user-agent": "Mozilla/5.0 (Macintosh; Intel Mac OS X 10_9_4) AppleWebKit/537.36 (KHTML, like Gecko) Chrome/37.0.2062.120 Safari/537.36",
      "accept-encoding": "gzip,deflate,sdch",
      "accept-language": "en-US,en;q=0.8",
      "if-none-match": "W/\"156-54419987\"",
      "if-modified-since": "Fri, 12 Sep 2014 22:32:05 GMT"
    },
    "method": "GET",
    "httpVersion": "1.1",
    "originalUrl": "/",
    "query": {},
    "body": {}
  },
  "res": {
    "statusCode": 200
  },
  "responseTime": 13,
  "level": "info",
  "message": "HTTP GET /"
}
{"req":{"url":"/","headers":{"host":"146.148.59.71","connection":"keep-alive","cache-control":"max-age=0","accept":"text/html,application/xhtml+xml,application/xml;q=0.9,image/webp,*/*;q=0.8","user-agent":"Mozilla/5.0 (Macintosh; Intel Mac OS X 10_9_4) AppleWebKit/537.36 (KHTML, like Gecko) Chrome/37.0.2062.120 Safari/537.36","accept-encoding":"gzip,deflate,sdch","accept-language":"en-US,en;q=0.8","if-none-match":"W/\"156-54419987\"","if-modified-since":"Fri, 12 Sep 2014 22:32:05 GMT"},"method":"GET","httpVersion":"1.1","originalUrl":"/","query":{},"body":{}},"res":{"statusCode":200},"responseTime":13,"level":"info","message":"HTTP GET /","timestamp":"2014-09-12T22:32:28.983Z"}
{
  "req": {
    "url": "/libs/angular/angular.min.js",
    "headers": {
      "host": "146.148.59.71",
      "connection": "keep-alive",
      "cache-control": "max-age=0",
      "accept": "*/*",
      "if-none-match": "W/\"1a00a-935576186\"",
      "if-modified-since": "Fri, 12 Sep 2014 22:23:59 GMT",
      "user-agent": "Mozilla/5.0 (Macintosh; Intel Mac OS X 10_9_4) AppleWebKit/537.36 (KHTML, like Gecko) Chrome/37.0.2062.120 Safari/537.36",
      "referer": "http://146.148.59.71/",
      "accept-encoding": "gzip,deflate,sdch",
      "accept-language": "en-US,en;q=0.8"
    },
    "method": "GET",
    "httpVersion": "1.1",
    "originalUrl": "/libs/angular/angular.min.js",
    "query": {},
    "body": {}
  },
  "res": {
    "statusCode": 304
  },
  "responseTime": 1,
  "level": "info",
  "message": "HTTP GET /libs/angular/angular.min.js"
}
{
  "req": {
    "url": "/",
    "headers": {
      "host": "146.148.59.71",
      "connection": "keep-alive",
      "accept": "*/*",
      "user-agent": "Mozilla/5.0 (Macintosh; Intel Mac OS X 10_9_4) AppleWebKit/537.36 (KHTML, like Gecko) Chrome/37.0.2062.120 Safari/537.36",
      "accept-encoding": "gzip,deflate,sdch",
      "accept-language": "en-US,en;q=0.8",
      "if-none-match": "W/\"156-54419987\"",
      "if-modified-since": "Fri, 12 Sep 2014 22:32:07 GMT"
    },
    "method": "GET",
    "httpVersion": "1.1",
    "originalUrl": "/favicon.ico",
    "query": {},
    "body": {}
  },
  "res": {
    "statusCode": 200
  },
  "responseTime": 2,
  "level": "info",
  "message": "HTTP GET /"
}
{
  "req": {
    "url": "/",
    "headers": {
      "host": "146.148.59.71",
      "connection": "keep-alive",
      "accept": "*/*",
      "user-agent": "Mozilla/5.0 (Macintosh; Intel Mac OS X 10_9_4) AppleWebKit/537.36 (KHTML, like Gecko) Chrome/37.0.2062.120 Safari/537.36",
      "accept-encoding": "gzip,deflate,sdch",
      "accept-language": "en-US,en;q=0.8",
      "if-none-match": "W/\"156-54419987\"",
      "if-modified-since": "Fri, 12 Sep 2014 22:32:29 GMT"
    },
    "method": "GET",
    "httpVersion": "1.1",
    "originalUrl": "/favicon.ico",
    "query": {},
    "body": {}
  },
  "res": {
    "statusCode": 200
  },
  "responseTime": 2,
  "level": "info",
  "message": "HTTP GET /"
}
